#
# There is insufficient memory for the Java Runtime Environment to continue.
# Native memory allocation (malloc) failed to allocate 278416 bytes for Chunk::new
# Possible reasons:
#   The system is out of physical RAM or swap space
#   In 32 bit mode, the process size limit was hit
# Possible solutions:
#   Reduce memory load on the system
#   Increase physical memory or swap space
#   Check if swap backing store is full
#   Use 64 bit Java on a 64 bit OS
#   Decrease Java heap size (-Xmx/-Xms)
#   Decrease number of Java threads
#   Decrease Java thread stack sizes (-Xss)
#   Set larger code cache with -XX:ReservedCodeCacheSize=
# This output file may be truncated or incomplete.
#
#  Out of Memory Error (allocation.cpp:390), pid=13344, tid=4284
#
# JRE version: Java(TM) SE Runtime Environment (8.0_51-b16) (build 1.8.0_51-b16)
# Java VM: Java HotSpot(TM) 64-Bit Server VM (25.51-b03 mixed mode windows-amd64 compressed oops)
# Failed to write core dump. Minidumps are not enabled by default on client versions of Windows
#

---------------  T H R E A D  ---------------

Current thread (0x000000001c89d800):  JavaThread "C2 CompilerThread1" daemon [_thread_in_native, id=4284, stack(0x000000001e2b0000,0x000000001e3b0000)]

Stack: [0x000000001e2b0000,0x000000001e3b0000]
Native frames: (J=compiled Java code, j=interpreted, Vv=VM code, C=native code)
V  [jvm.dll+0x32b4ca]
V  [jvm.dll+0x2797e3]
V  [jvm.dll+0x27a479]
V  [jvm.dll+0x271765]
V  [jvm.dll+0xcba02]
V  [jvm.dll+0xcbecc]
V  [jvm.dll+0x4643d2]
V  [jvm.dll+0x4db655]
V  [jvm.dll+0x4dc257]
V  [jvm.dll+0x46a5e1]
V  [jvm.dll+0x46cde2]
V  [jvm.dll+0x4501a2]
V  [jvm.dll+0xa43a2]
V  [jvm.dll+0xa4cdf]
V  [jvm.dll+0x2418a4]
V  [jvm.dll+0x29846a]
C  [msvcr100.dll+0x21d9f]
C  [msvcr100.dll+0x21e3b]
C  [KERNEL32.DLL+0x17034]
C  [ntdll.dll+0x52651]


Current CompileTask:
C2:   1448  667  s    4       sun.misc.URLClassPath::getNextLoader (88 bytes)


---------------  P R O C E S S  ---------------

Java Threads: ( => current thread )
  0x000000001dec1800 JavaThread "Service Thread" daemon [_thread_blocked, id=3104, stack(0x000000001e4b0000,0x000000001e5b0000)]
  0x000000001debc000 JavaThread "C1 CompilerThread2" daemon [_thread_in_native, id=9164, stack(0x000000001e3b0000,0x000000001e4b0000)]
=>0x000000001c89d800 JavaThread "C2 CompilerThread1" daemon [_thread_in_native, id=4284, stack(0x000000001e2b0000,0x000000001e3b0000)]
  0x000000001c849000 JavaThread "C2 CompilerThread0" daemon [_thread_blocked, id=7328, stack(0x000000001ddb0000,0x000000001deb0000)]
  0x000000001c847000 JavaThread "Attach Listener" daemon [_thread_blocked, id=12656, stack(0x000000001dcb0000,0x000000001ddb0000)]
  0x000000001c845800 JavaThread "Signal Dispatcher" daemon [_thread_blocked, id=13180, stack(0x000000001dbb0000,0x000000001dcb0000)]
  0x00000000031eb000 JavaThread "Finalizer" daemon [_thread_blocked, id=13832, stack(0x000000001dab0000,0x000000001dbb0000)]
  0x00000000031e8800 JavaThread "Reference Handler" daemon [_thread_blocked, id=1960, stack(0x000000001d9b0000,0x000000001dab0000)]
  0x00000000030fb000 JavaThread "main" [_thread_in_vm, id=13568, stack(0x0000000002ff0000,0x00000000030f0000)]

Other Threads:
  0x000000001c807800 VMThread [stack: 0x000000001d8b0000,0x000000001d9b0000] [id=13264]
  0x000000001dec2800 WatcherThread [stack: 0x000000001e5b0000,0x000000001e6b0000] [id=11572]

VM state:not at safepoint (normal execution)

VM Mutex/Monitor currently owned by a thread: None

Heap:
 PSYoungGen      total 76288K, used 18359K [0x000000076af80000, 0x0000000770480000, 0x00000007c0000000)
  eden space 65536K, 28% used [0x000000076af80000,0x000000076c16dcc8,0x000000076ef80000)
  from space 10752K, 0% used [0x000000076fa00000,0x000000076fa00000,0x0000000770480000)
  to   space 10752K, 0% used [0x000000076ef80000,0x000000076ef80000,0x000000076fa00000)
 ParOldGen       total 175104K, used 0K [0x00000006c0e00000, 0x00000006cb900000, 0x000000076af80000)
  object space 175104K, 0% used [0x00000006c0e00000,0x00000006c0e00000,0x00000006cb900000)
 Metaspace       used 7685K, capacity 7842K, committed 7936K, reserved 1058816K
  class space    used 882K, capacity 973K, committed 1024K, reserved 1048576K

Card table byte_map: [0x00000000125b0000,0x0000000012db0000] byte_map_base: 0x000000000efa9000

Marking Bits: (ParMarkBitMap*) 0x000000006ed14040
 Begin Bits: [0x0000000013710000, 0x00000000176d8000)
 End Bits:   [0x00000000176d8000, 0x000000001b6a0000)

Polling page: 0x0000000002e20000

CodeCache: size=245760Kb used=2532Kb max_used=2532Kb free=243227Kb
 bounds [0x00000000031f0000, 0x0000000003470000, 0x00000000121f0000]
 total_blobs=1021 nmethods=711 adapters=223
 compilation: enabled

Compilation events (10 events):
Event: 1.398 Thread 0x000000001debc000 nmethod 663 0x0000000003445490 code [0x0000000003445640, 0x0000000003445ca8]
Event: 1.398 Thread 0x000000001debc000  664       3       java.net.URLClassLoader$1::<init> (15 bytes)
Event: 1.398 Thread 0x000000001debc000 nmethod 664 0x0000000003445090 code [0x00000000034451e0, 0x00000000034453d0]
Event: 1.398 Thread 0x000000001debc000  665       1       sun.misc.URLClassPath$Loader::getBaseURL (5 bytes)
Event: 1.399 Thread 0x000000001debc000 nmethod 665 0x0000000003444dd0 code [0x0000000003444f20, 0x0000000003445030]
Event: 1.399 Thread 0x000000001debc000  666       3       java.util.Stack::empty (13 bytes)
Event: 1.399 Thread 0x000000001debc000 nmethod 666 0x00000000034447d0 code [0x0000000003444940, 0x0000000003444d10]
Event: 1.399 Thread 0x000000001c89d800  667  s    4       sun.misc.URLClassPath::getNextLoader (88 bytes)
Event: 1.399 Thread 0x000000001debc000  668  s!   3       java.net.URLStreamHandler::getHostAddress (54 bytes)
Event: 1.400 Thread 0x000000001debc000 nmethod 668 0x0000000003443b10 code [0x0000000003443cc0, 0x0000000003444498]

GC Heap History (0 events):
No events

Deoptimization events (3 events):
Event: 0.778 Thread 0x00000000030fb000 Uncommon trap: reason=unstable_if action=reinterpret pc=0x000000000331ea74 method=java.lang.String.hashCode()I @ 14
Event: 1.313 Thread 0x00000000030fb000 Uncommon trap: reason=range_check action=make_not_entrant pc=0x000000000341c3e8 method=sun.reflect.generics.parser.SignatureParser.current()C @ 34
Event: 1.332 Thread 0x00000000030fb000 Uncommon trap: reason=unstable_if action=reinterpret pc=0x0000000003418ed8 method=java.lang.String.replace(CC)Ljava/lang/String; @ 26

Internal exceptions (10 events):
Event: 1.251 Thread 0x00000000030fb000 Exception <a 'java/lang/ArrayIndexOutOfBoundsException'> (0x000000076b8e37e0) thrown at [C:\re\workspace\8-2-build-windows-amd64-cygwin\jdk8u51\3951\hotspot\src\share\vm\runtime\sharedRuntime.cpp, line 605]
Event: 1.257 Thread 0x00000000030fb000 Exception <a 'java/lang/ArrayIndexOutOfBoundsException'> (0x000000076b91ece8) thrown at [C:\re\workspace\8-2-build-windows-amd64-cygwin\jdk8u51\3951\hotspot\src\share\vm\runtime\sharedRuntime.cpp, line 605]
Event: 1.259 Thread 0x00000000030fb000 Exception <a 'java/lang/ArrayIndexOutOfBoundsException'> (0x000000076b92c6c0) thrown at [C:\re\workspace\8-2-build-windows-amd64-cygwin\jdk8u51\3951\hotspot\src\share\vm\runtime\sharedRuntime.cpp, line 605]
Event: 1.288 Thread 0x00000000030fb000 Exception <a 'java/lang/ArrayIndexOutOfBoundsException'> (0x000000076b9aa2f8) thrown at [C:\re\workspace\8-2-build-windows-amd64-cygwin\jdk8u51\3951\hotspot\src\share\vm\runtime\sharedRuntime.cpp, line 605]
Event: 1.288 Thread 0x00000000030fb000 Exception <a 'java/lang/ArrayIndexOutOfBoundsException'> (0x000000076b9ab838) thrown at [C:\re\workspace\8-2-build-windows-amd64-cygwin\jdk8u51\3951\hotspot\src\share\vm\runtime\sharedRuntime.cpp, line 605]
Event: 1.288 Thread 0x00000000030fb000 Exception <a 'java/lang/ArrayIndexOutOfBoundsException'> (0x000000076b9adda0) thrown at [C:\re\workspace\8-2-build-windows-amd64-cygwin\jdk8u51\3951\hotspot\src\share\vm\runtime\sharedRuntime.cpp, line 605]
Event: 1.313 Thread 0x00000000030fb000 Exception <a 'java/lang/ArrayIndexOutOfBoundsException': 109> (0x000000076ba5be08) thrown at [C:\re\workspace\8-2-build-windows-amd64-cygwin\jdk8u51\3951\hotspot\src\share\vm\interpreter\interpreterRuntime.cpp, line 366]
Event: 1.314 Thread 0x00000000030fb000 Exception <a 'java/lang/ArrayIndexOutOfBoundsException': 146> (0x000000076ba67f60) thrown at [C:\re\workspace\8-2-build-windows-amd64-cygwin\jdk8u51\3951\hotspot\src\share\vm\interpreter\interpreterRuntime.cpp, line 366]
Event: 1.314 Thread 0x00000000030fb000 Exception <a 'java/lang/ArrayIndexOutOfBoundsException': 112> (0x000000076ba6a4b8) thrown at [C:\re\workspace\8-2-build-windows-amd64-cygwin\jdk8u51\3951\hotspot\src\share\vm\interpreter\interpreterRuntime.cpp, line 366]
Event: 1.314 Thread 0x00000000030fb000 Exception <a 'java/lang/ArrayIndexOutOfBoundsException': 108> (0x000000076ba6c890) thrown at [C:\re\workspace\8-2-build-windows-amd64-cygwin\jdk8u51\3951\hotspot\src\share\vm\interpreter\interpreterRuntime.cpp, line 366]

Events (10 events):
Event: 1.414 loading class com/google/gson/internal/bind/ObjectTypeAdapter
Event: 1.414 loading class com/google/gson/internal/bind/ObjectTypeAdapter done
Event: 1.415 loading class com/google/gson/internal/bind/ObjectTypeAdapter$1
Event: 1.415 loading class com/google/gson/internal/bind/ObjectTypeAdapter$1 done
Event: 1.415 loading class com/google/gson/Gson$5
Event: 1.415 loading class com/google/gson/Gson$5 done
Event: 1.416 loading class java/util/concurrent/atomic/AtomicLongArray
Event: 1.416 loading class java/util/concurrent/atomic/AtomicLongArray done
Event: 1.416 loading class com/google/gson/Gson$6
Event: 1.416 loading class com/google/gson/Gson$6 done


Dynamic libraries:
0x00007ff7ef680000 - 0x00007ff7ef6b7000 	C:\ProgramData\Oracle\Java\javapath\java.exe
0x00007ffb2cc90000 - 0x00007ffb2ce85000 	C:\WINDOWS\SYSTEM32\ntdll.dll
0x00007ffb2ae60000 - 0x00007ffb2af1e000 	C:\WINDOWS\System32\KERNEL32.DLL
0x00007ffb2a650000 - 0x00007ffb2a918000 	C:\WINDOWS\System32\KERNELBASE.dll
0x00007ffb2b010000 - 0x00007ffb2b0be000 	C:\WINDOWS\System32\ADVAPI32.dll
0x00007ffb2ad10000 - 0x00007ffb2adae000 	C:\WINDOWS\System32\msvcrt.dll
0x00007ffb2c950000 - 0x00007ffb2c9ec000 	C:\WINDOWS\System32\sechost.dll
0x00007ffb2b310000 - 0x00007ffb2b435000 	C:\WINDOWS\System32\RPCRT4.dll
0x00007ffb2b170000 - 0x00007ffb2b310000 	C:\WINDOWS\System32\USER32.dll
0x00007ffb2abc0000 - 0x00007ffb2abe2000 	C:\WINDOWS\System32\win32u.dll
0x00007ffb2afe0000 - 0x00007ffb2b00a000 	C:\WINDOWS\System32\GDI32.dll
0x00007ffb2a9b0000 - 0x00007ffb2aabb000 	C:\WINDOWS\System32\gdi32full.dll
0x00007ffb2a5b0000 - 0x00007ffb2a64d000 	C:\WINDOWS\System32\msvcp_win.dll
0x00007ffb2abf0000 - 0x00007ffb2acf0000 	C:\WINDOWS\System32\ucrtbase.dll
0x00007ffb18900000 - 0x00007ffb18b9a000 	C:\WINDOWS\WinSxS\amd64_microsoft.windows.common-controls_6595b64144ccf1df_6.0.19041.1110_none_60b5254171f9507e\COMCTL32.dll
0x00007ffb2cc20000 - 0x00007ffb2cc50000 	C:\WINDOWS\System32\IMM32.DLL
0x000000006eda0000 - 0x000000006ee72000 	C:\Program Files\Java\jre1.8.0_51\bin\msvcr100.dll
0x000000006e510000 - 0x000000006ed93000 	C:\Program Files\Java\jre1.8.0_51\bin\server\jvm.dll
0x00007ffb2ad00000 - 0x00007ffb2ad08000 	C:\WINDOWS\System32\PSAPI.DLL
0x00007ffae4640000 - 0x00007ffae4649000 	C:\WINDOWS\SYSTEM32\WSOCK32.dll
0x00007ffb2c2a0000 - 0x00007ffb2c30b000 	C:\WINDOWS\System32\WS2_32.dll
0x00007ffb20390000 - 0x00007ffb203b7000 	C:\WINDOWS\SYSTEM32\WINMM.dll
0x00007ffb23c50000 - 0x00007ffb23c5a000 	C:\WINDOWS\SYSTEM32\VERSION.dll
0x000000006e500000 - 0x000000006e50f000 	C:\Program Files\Java\jre1.8.0_51\bin\verify.dll
0x000000006e4d0000 - 0x000000006e4f9000 	C:\Program Files\Java\jre1.8.0_51\bin\java.dll
0x000000006e4b0000 - 0x000000006e4c6000 	C:\Program Files\Java\jre1.8.0_51\bin\zip.dll
0x00007ffb2baf0000 - 0x00007ffb2c234000 	C:\WINDOWS\System32\SHELL32.dll
0x00007ffb284f0000 - 0x00007ffb28c84000 	C:\WINDOWS\SYSTEM32\windows.storage.dll
0x00007ffb2c310000 - 0x00007ffb2c664000 	C:\WINDOWS\System32\combase.dll
0x00007ffb29e20000 - 0x00007ffb29e4c000 	C:\WINDOWS\SYSTEM32\Wldp.dll
0x00007ffb2b0c0000 - 0x00007ffb2b16d000 	C:\WINDOWS\System32\SHCORE.dll
0x00007ffb2af20000 - 0x00007ffb2af75000 	C:\WINDOWS\System32\shlwapi.dll
0x00007ffb2a2f0000 - 0x00007ffb2a30f000 	C:\WINDOWS\SYSTEM32\profapi.dll
0x000000006e490000 - 0x000000006e4aa000 	C:\Program Files\Java\jre1.8.0_51\bin\net.dll
0x00007ffb29b80000 - 0x00007ffb29bea000 	C:\WINDOWS\system32\mswsock.dll
0x00007ffb29860000 - 0x00007ffb2992b000 	C:\WINDOWS\SYSTEM32\DNSAPI.dll
0x00007ffb29820000 - 0x00007ffb2985b000 	C:\WINDOWS\SYSTEM32\IPHLPAPI.DLL
0x00007ffb2acf0000 - 0x00007ffb2acf8000 	C:\WINDOWS\System32\NSI.dll
0x00007ffb203d0000 - 0x00007ffb203da000 	C:\Windows\System32\rasadhlp.dll
0x00007ffb20d00000 - 0x00007ffb20d7f000 	C:\WINDOWS\System32\fwpuclnt.dll
0x00007ffb2a3b0000 - 0x00007ffb2a3d7000 	C:\WINDOWS\System32\bcrypt.dll
0x00007ffb244a0000 - 0x00007ffb24684000 	C:\WINDOWS\SYSTEM32\dbghelp.dll
0x00007ffb2a920000 - 0x00007ffb2a9a2000 	C:\WINDOWS\System32\bcryptPrimitives.dll

VM Arguments:
java_command: App 7473
java_class_path (initial): c:\Users\Kaynec\.vscode\extensions\adamvoss.vscode-languagetool-3.8.0\lib\languagetool-languageserver\build\install\languagetool-languageserver\bin\..\lib\annotations-12.0.jar;c:\Users\Kaynec\.vscode\extensions\adamvoss.vscode-languagetool-3.8.0\lib\languagetool-languageserver\build\install\languagetool-languageserver\bin\..\lib\autolink-0.6.0.jar;c:\Users\Kaynec\.vscode\extensions\adamvoss.vscode-languagetool-3.8.0\lib\languagetool-languageserver\build\install\languagetool-languageserver\bin\..\lib\berkeleylm-1.1.2.jar;c:\Users\Kaynec\.vscode\extensions\adamvoss.vscode-languagetool-3.8.0\lib\languagetool-languageserver\build\install\languagetool-languageserver\bin\..\lib\commons-lang3-3.5.jar;c:\Users\Kaynec\.vscode\extensions\adamvoss.vscode-languagetool-3.8.0\lib\languagetool-languageserver\build\install\languagetool-languageserver\bin\..\lib\commons-logging-1.2.jar;c:\Users\Kaynec\.vscode\extensions\adamvoss.vscode-languagetool-3.8.0\lib\languagetool-languageserver\build\install\languagetool-languageserver\bin\..\lib\flexmark-0.19.1.jar;c:\Users\Kaynec\.vscode\extensions\adamvoss.vscode-languagetool-3.8.0\lib\languagetool-languageserver\build\install\languagetool-languageserver\bin\..\lib\flexmark-all-0.19.1.jar;c:\Users\Kaynec\.vscode\extensions\adamvoss.vscode-languagetool-3.8.0\lib\languagetool-languageserver\build\install\languagetool-languageserver\bin\..\lib\flexmark-ext-abbreviation-0.19.1.jar;c:\Users\Kaynec\.vscode\extensions\adamvoss.vscode-languagetool-3.8.0\lib\languagetool-languageserver\build\install\languagetool-languageserver\bin\..\lib\flexmark-ext-anchorlink-0.19.1.jar;c:\Users\Kaynec\.vscode\extensions\adamvoss.vscode-languagetool-3.8.0\lib\languagetool-languageserver\build\install\languagetool-languageserver\bin\..\lib\flexmark-ext-aside-0.19.1.jar;c:\Users\Kaynec\.vscode\extensions\adamvoss.vscode-languagetool-3.8.0\lib\languagetool-languageserver\build\install\languagetool-languageserver\bin\..\lib\flexmark-ext-
Launcher Type: SUN_STANDARD

Environment Variables:
CLASSPATH=c:\Users\Kaynec\.vscode\extensions\adamvoss.vscode-languagetool-3.8.0\lib\languagetool-languageserver\build\install\languagetool-languageserver\bin\..\lib\*;c:\Users\Kaynec\.vscode\extensions\adamvoss.vscode-languagetool-fa-3.8.0\lib\*
PATH=C:\ProgramData\Oracle\Java\javapath;C:\WINDOWS\system32;C:\WINDOWS;C:\WINDOWS\System32\Wbem;C:\WINDOWS\System32\WindowsPowerShell\v1.0\;C:\WINDOWS\System32\OpenSSH\;C:\Program Files\Microsoft VS Code\bin;C:\ProgramData\chocolatey\bin;C:\Program Files\Git\cmd;C:\Program Files\dotnet\;C:\Program Files\nodejs\;C:\Program Files\PuTTY\;C:\Users\Kaynec\AppData\Roaming\Python\Python310\site-packages;;C:\Program Files (x86)\Gow\bin;C:\Users\Kaynec\AppData\Local\Programs\Python\Python39\Scripts\;C:\Users\Kaynec\AppData\Local\Programs\Python\Python39\;C:\Users\Kaynec\AppData\Local\pnpm;C:\Users\Kaynec\AppData\Local\Microsoft\WindowsApps;C:\Program Files\heroku\bin;C:\Users\Kaynec\AppData\Roaming\npm
USERNAME=Kaynec
OS=Windows_NT
PROCESSOR_IDENTIFIER=Intel64 Family 6 Model 158 Stepping 9, GenuineIntel



---------------  S Y S T E M  ---------------

OS: Windows 10.0 , 64 bit Build 19041 (10.0.19041.1645)

CPU:total 4 (2 cores per cpu, 2 threads per core) family 6 model 158 stepping 9, cmov, cx8, fxsr, mmx, sse, sse2, sse3, ssse3, sse4.1, sse4.2, popcnt, avx, avx2, aes, clmul, erms, 3dnowpref, lzcnt, ht, tsc, tscinvbit, bmi1, bmi2, adx

Memory: 4k page, physical 16713296k(6663388k free), swap 17761872k(3160k free)

vm_info: Java HotSpot(TM) 64-Bit Server VM (25.51-b03) for windows-amd64 JRE (1.8.0_51-b16), built on Jun  8 2015 18:03:07 by "java_re" with MS VC++ 10.0 (VS2010)

time: Thu Jun 30 06:40:18 2022
elapsed time: 1 seconds (0d 0h 0m 1s)

